<?xml version="1.0" encoding="UTF-8"?>
<!-- Generated by org.testng.reporters.JUnitXMLReporter -->
<testsuite ignored="0" hostname="Vivek" failures="0" tests="5" name="Default test" time="25.988" errors="0" timestamp="04 Oct 2023 10:01:08 GMT">
  <testcase classname="org.practice.Adactin" name="verifyLogo" time="0.078"/>
  <testcase classname="org.practice.Adactin" name="login" time="3.488"/>
  <testcase classname="org.practice.Adactin" name="search" time="1.834"/>
  <testcase classname="org.practice.Adactin" name="select" time="1.547"/>
  <testcase classname="org.practice.Adactin" name="book" time="7.404"/>
</testsuite> <!-- Default test -->
