<?xml version="1.0" encoding="UTF-8"?>
<!-- Generated by org.testng.reporters.JUnitXMLReporter -->
<testsuite ignored="0" hostname="Vivek" failures="0" tests="5" name="Test01" time="184.549" errors="0" timestamp="29 Oct 2023 06:42:55 GMT">
  <testcase classname="org.practice.Adactin" name="verifyLogo" time="0.059"/>
  <testcase classname="org.practice.Adactin" name="login" time="5.542"/>
  <testcase classname="org.practice.Adactin" name="search" time="7.594"/>
  <testcase classname="org.practice.Adactin" name="select" time="3.02"/>
  <testcase classname="org.practice.Adactin" name="book" time="7.46"/>
</testsuite> <!-- Test01 -->
