<?xml version="1.0" encoding="UTF-8"?>
<!-- Generated by org.testng.reporters.JUnitXMLReporter -->
<testsuite ignored="0" hostname="Vivek" failures="0" tests="5" name="Test" time="24.54" errors="0" timestamp="12 Aug 2023 07:17:17 GMT">
  <testcase classname="org.practice.Adactin" name="verifyLogo" time="0.112"/>
  <testcase classname="org.practice.Adactin" name="login" time="3.576"/>
  <testcase classname="org.practice.Adactin" name="search" time="1.887"/>
  <testcase classname="org.practice.Adactin" name="select" time="1.691"/>
  <testcase classname="org.practice.Adactin" name="book" time="7.128"/>
</testsuite> <!-- Test -->
