<?xml version="1.0" encoding="UTF-8"?>
<!-- Generated by org.testng.reporters.JUnitXMLReporter -->
<testsuite ignored="0" hostname="Vivek" failures="0" tests="5" name="Test02" time="20.047" errors="0" timestamp="25 Oct 2023 08:59:21 GMT">
  <testcase classname="org.practice.Adactin" name="verifyLogo" time="0.069"/>
  <testcase classname="org.practice.Adactin" name="login" time="1.263"/>
  <testcase classname="org.practice.Adactin" name="search" time="1.709"/>
  <testcase classname="org.practice.Adactin" name="select" time="1.243"/>
  <testcase classname="org.practice.Adactin" name="book" time="6.844"/>
</testsuite> <!-- Test02 -->
