<?xml version="1.0" encoding="UTF-8"?>
<!-- Generated by org.testng.reporters.JUnitXMLReporter -->
<testsuite ignored="0" hostname="Vivek" failures="0" tests="5" name="Test03" time="20.998" errors="0" timestamp="25 Oct 2023 08:59:42 GMT">
  <testcase classname="org.practice.Adactin" name="verifyLogo" time="0.066"/>
  <testcase classname="org.practice.Adactin" name="login" time="0.974"/>
  <testcase classname="org.practice.Adactin" name="search" time="1.121"/>
  <testcase classname="org.practice.Adactin" name="select" time="1.264"/>
  <testcase classname="org.practice.Adactin" name="book" time="6.498"/>
</testsuite> <!-- Test03 -->
