<?xml version="1.0" encoding="UTF-8"?>
<testng-results ignored="0" total="15" passed="15" failed="0" skipped="0">
  <reporter-output>
  </reporter-output>
  <suite started-at="2023-10-25T08:58:35Z" name="Suite" finished-at="2023-10-25T08:59:42Z" duration-ms="66184">
    <groups>
    </groups>
    <test started-at="2023-10-25T08:58:35Z" name="Test01" finished-at="2023-10-25T08:59:01Z" duration-ms="25091">
      <class name="org.practice.Adactin">
        <test-method is-config="true" signature="startingSetup(java.lang.String)[pri:0, instance:org.practice.Adactin@2421cc4]" started-at="2023-10-25T08:58:35Z" name="startingSetup" finished-at="2023-10-25T08:58:45Z" duration-ms="9726" status="PASS">
          <params>
            <param index="0">
              <value>
                <![CDATA[edge]]>
              </value>
            </param>
          </params>
          <reporter-output>
          </reporter-output>
        </test-method> <!-- startingSetup -->
        <test-method signature="verifyLogo()[pri:0, instance:org.practice.Adactin@2421cc4]" started-at="2023-10-25T08:58:45Z" name="verifyLogo" finished-at="2023-10-25T08:58:45Z" duration-ms="122" status="PASS">
          <reporter-output>
          </reporter-output>
        </test-method> <!-- verifyLogo -->
        <test-method is-config="true" signature="takeShot()[pri:0, instance:org.practice.Adactin@2421cc4]" started-at="2023-10-25T08:58:45Z" name="takeShot" finished-at="2023-10-25T08:58:46Z" duration-ms="1030" status="PASS">
          <reporter-output>
          </reporter-output>
        </test-method> <!-- takeShot -->
        <test-method signature="login()[pri:1, instance:org.practice.Adactin@2421cc4]" started-at="2023-10-25T08:58:46Z" name="login" finished-at="2023-10-25T08:58:49Z" duration-ms="2783" status="PASS">
          <reporter-output>
          </reporter-output>
        </test-method> <!-- login -->
        <test-method is-config="true" signature="takeShot()[pri:0, instance:org.practice.Adactin@2421cc4]" started-at="2023-10-25T08:58:49Z" name="takeShot" finished-at="2023-10-25T08:58:50Z" duration-ms="543" status="PASS">
          <reporter-output>
          </reporter-output>
        </test-method> <!-- takeShot -->
        <test-method signature="search()[pri:2, instance:org.practice.Adactin@2421cc4]" started-at="2023-10-25T08:58:50Z" name="search" finished-at="2023-10-25T08:58:51Z" duration-ms="1421" status="PASS">
          <reporter-output>
          </reporter-output>
        </test-method> <!-- search -->
        <test-method is-config="true" signature="takeShot()[pri:0, instance:org.practice.Adactin@2421cc4]" started-at="2023-10-25T08:58:51Z" name="takeShot" finished-at="2023-10-25T08:58:51Z" duration-ms="327" status="PASS">
          <reporter-output>
          </reporter-output>
        </test-method> <!-- takeShot -->
        <test-method signature="select()[pri:3, instance:org.practice.Adactin@2421cc4]" started-at="2023-10-25T08:58:51Z" name="select" finished-at="2023-10-25T08:58:53Z" duration-ms="1257" status="PASS">
          <reporter-output>
          </reporter-output>
        </test-method> <!-- select -->
        <test-method is-config="true" signature="takeShot()[pri:0, instance:org.practice.Adactin@2421cc4]" started-at="2023-10-25T08:58:53Z" name="takeShot" finished-at="2023-10-25T08:58:53Z" duration-ms="367" status="PASS">
          <reporter-output>
          </reporter-output>
        </test-method> <!-- takeShot -->
        <test-method signature="book()[pri:4, instance:org.practice.Adactin@2421cc4]" started-at="2023-10-25T08:58:53Z" name="book" finished-at="2023-10-25T08:59:00Z" duration-ms="6931" status="PASS">
          <reporter-output>
          </reporter-output>
        </test-method> <!-- book -->
        <test-method is-config="true" signature="takeShot()[pri:0, instance:org.practice.Adactin@2421cc4]" started-at="2023-10-25T08:59:00Z" name="takeShot" finished-at="2023-10-25T08:59:00Z" duration-ms="373" status="PASS">
          <reporter-output>
          </reporter-output>
        </test-method> <!-- takeShot -->
        <test-method is-config="true" signature="tearDown()[pri:0, instance:org.practice.Adactin@2421cc4]" started-at="2023-10-25T08:59:00Z" name="tearDown" finished-at="2023-10-25T08:59:01Z" duration-ms="159" status="PASS">
          <reporter-output>
          </reporter-output>
        </test-method> <!-- tearDown -->
      </class> <!-- org.practice.Adactin -->
    </test> <!-- Test01 -->
    <test started-at="2023-10-25T08:59:01Z" name="Test02" finished-at="2023-10-25T08:59:21Z" duration-ms="20047">
      <class name="org.practice.Adactin">
        <test-method is-config="true" signature="startingSetup(java.lang.String)[pri:0, instance:org.practice.Adactin@3daf7722]" started-at="2023-10-25T08:59:01Z" name="startingSetup" finished-at="2023-10-25T08:59:07Z" duration-ms="6643" status="PASS">
          <params>
            <param index="0">
              <value>
                <![CDATA[chrome]]>
              </value>
            </param>
          </params>
          <reporter-output>
          </reporter-output>
        </test-method> <!-- startingSetup -->
        <test-method signature="verifyLogo()[pri:0, instance:org.practice.Adactin@3daf7722]" started-at="2023-10-25T08:59:07Z" name="verifyLogo" finished-at="2023-10-25T08:59:07Z" duration-ms="69" status="PASS">
          <reporter-output>
          </reporter-output>
        </test-method> <!-- verifyLogo -->
        <test-method is-config="true" signature="takeShot()[pri:0, instance:org.practice.Adactin@3daf7722]" started-at="2023-10-25T08:59:07Z" name="takeShot" finished-at="2023-10-25T08:59:08Z" duration-ms="530" status="PASS">
          <reporter-output>
          </reporter-output>
        </test-method> <!-- takeShot -->
        <test-method signature="login()[pri:1, instance:org.practice.Adactin@3daf7722]" started-at="2023-10-25T08:59:08Z" name="login" finished-at="2023-10-25T08:59:09Z" duration-ms="1263" status="PASS">
          <reporter-output>
          </reporter-output>
        </test-method> <!-- login -->
        <test-method is-config="true" signature="takeShot()[pri:0, instance:org.practice.Adactin@3daf7722]" started-at="2023-10-25T08:59:09Z" name="takeShot" finished-at="2023-10-25T08:59:09Z" duration-ms="362" status="PASS">
          <reporter-output>
          </reporter-output>
        </test-method> <!-- takeShot -->
        <test-method signature="search()[pri:2, instance:org.practice.Adactin@3daf7722]" started-at="2023-10-25T08:59:09Z" name="search" finished-at="2023-10-25T08:59:11Z" duration-ms="1709" status="PASS">
          <reporter-output>
          </reporter-output>
        </test-method> <!-- search -->
        <test-method is-config="true" signature="takeShot()[pri:0, instance:org.practice.Adactin@3daf7722]" started-at="2023-10-25T08:59:11Z" name="takeShot" finished-at="2023-10-25T08:59:11Z" duration-ms="333" status="PASS">
          <reporter-output>
          </reporter-output>
        </test-method> <!-- takeShot -->
        <test-method signature="select()[pri:3, instance:org.practice.Adactin@3daf7722]" started-at="2023-10-25T08:59:11Z" name="select" finished-at="2023-10-25T08:59:13Z" duration-ms="1243" status="PASS">
          <reporter-output>
          </reporter-output>
        </test-method> <!-- select -->
        <test-method is-config="true" signature="takeShot()[pri:0, instance:org.practice.Adactin@3daf7722]" started-at="2023-10-25T08:59:13Z" name="takeShot" finished-at="2023-10-25T08:59:13Z" duration-ms="345" status="PASS">
          <reporter-output>
          </reporter-output>
        </test-method> <!-- takeShot -->
        <test-method signature="book()[pri:4, instance:org.practice.Adactin@3daf7722]" started-at="2023-10-25T08:59:13Z" name="book" finished-at="2023-10-25T08:59:20Z" duration-ms="6844" status="PASS">
          <reporter-output>
          </reporter-output>
        </test-method> <!-- book -->
        <test-method is-config="true" signature="takeShot()[pri:0, instance:org.practice.Adactin@3daf7722]" started-at="2023-10-25T08:59:20Z" name="takeShot" finished-at="2023-10-25T08:59:20Z" duration-ms="340" status="PASS">
          <reporter-output>
          </reporter-output>
        </test-method> <!-- takeShot -->
        <test-method is-config="true" signature="tearDown()[pri:0, instance:org.practice.Adactin@3daf7722]" started-at="2023-10-25T08:59:20Z" name="tearDown" finished-at="2023-10-25T08:59:21Z" duration-ms="359" status="PASS">
          <reporter-output>
          </reporter-output>
        </test-method> <!-- tearDown -->
      </class> <!-- org.practice.Adactin -->
    </test> <!-- Test02 -->
    <test started-at="2023-10-25T08:59:21Z" name="Test03" finished-at="2023-10-25T08:59:42Z" duration-ms="20998">
      <class name="org.practice.Adactin">
        <test-method is-config="true" signature="startingSetup(java.lang.String)[pri:0, instance:org.practice.Adactin@2f67b837]" started-at="2023-10-25T08:59:21Z" name="startingSetup" finished-at="2023-10-25T08:59:30Z" duration-ms="8895" status="PASS">
          <params>
            <param index="0">
              <value>
                <![CDATA[firefox]]>
              </value>
            </param>
          </params>
          <reporter-output>
          </reporter-output>
        </test-method> <!-- startingSetup -->
        <test-method signature="verifyLogo()[pri:0, instance:org.practice.Adactin@2f67b837]" started-at="2023-10-25T08:59:30Z" name="verifyLogo" finished-at="2023-10-25T08:59:30Z" duration-ms="66" status="PASS">
          <reporter-output>
          </reporter-output>
        </test-method> <!-- verifyLogo -->
        <test-method is-config="true" signature="takeShot()[pri:0, instance:org.practice.Adactin@2f67b837]" started-at="2023-10-25T08:59:30Z" name="takeShot" finished-at="2023-10-25T08:59:30Z" duration-ms="340" status="PASS">
          <reporter-output>
          </reporter-output>
        </test-method> <!-- takeShot -->
        <test-method signature="login()[pri:1, instance:org.practice.Adactin@2f67b837]" started-at="2023-10-25T08:59:30Z" name="login" finished-at="2023-10-25T08:59:31Z" duration-ms="974" status="PASS">
          <reporter-output>
          </reporter-output>
        </test-method> <!-- login -->
        <test-method is-config="true" signature="takeShot()[pri:0, instance:org.practice.Adactin@2f67b837]" started-at="2023-10-25T08:59:31Z" name="takeShot" finished-at="2023-10-25T08:59:31Z" duration-ms="118" status="PASS">
          <reporter-output>
          </reporter-output>
        </test-method> <!-- takeShot -->
        <test-method signature="search()[pri:2, instance:org.practice.Adactin@2f67b837]" started-at="2023-10-25T08:59:31Z" name="search" finished-at="2023-10-25T08:59:32Z" duration-ms="1121" status="PASS">
          <reporter-output>
          </reporter-output>
        </test-method> <!-- search -->
        <test-method is-config="true" signature="takeShot()[pri:0, instance:org.practice.Adactin@2f67b837]" started-at="2023-10-25T08:59:32Z" name="takeShot" finished-at="2023-10-25T08:59:32Z" duration-ms="177" status="PASS">
          <reporter-output>
          </reporter-output>
        </test-method> <!-- takeShot -->
        <test-method signature="select()[pri:3, instance:org.practice.Adactin@2f67b837]" started-at="2023-10-25T08:59:32Z" name="select" finished-at="2023-10-25T08:59:34Z" duration-ms="1264" status="PASS">
          <reporter-output>
          </reporter-output>
        </test-method> <!-- select -->
        <test-method is-config="true" signature="takeShot()[pri:0, instance:org.practice.Adactin@2f67b837]" started-at="2023-10-25T08:59:34Z" name="takeShot" finished-at="2023-10-25T08:59:34Z" duration-ms="157" status="PASS">
          <reporter-output>
          </reporter-output>
        </test-method> <!-- takeShot -->
        <test-method signature="book()[pri:4, instance:org.practice.Adactin@2f67b837]" started-at="2023-10-25T08:59:34Z" name="book" finished-at="2023-10-25T08:59:40Z" duration-ms="6498" status="PASS">
          <reporter-output>
          </reporter-output>
        </test-method> <!-- book -->
        <test-method is-config="true" signature="takeShot()[pri:0, instance:org.practice.Adactin@2f67b837]" started-at="2023-10-25T08:59:40Z" name="takeShot" finished-at="2023-10-25T08:59:40Z" duration-ms="135" status="PASS">
          <reporter-output>
          </reporter-output>
        </test-method> <!-- takeShot -->
        <test-method is-config="true" signature="tearDown()[pri:0, instance:org.practice.Adactin@2f67b837]" started-at="2023-10-25T08:59:40Z" name="tearDown" finished-at="2023-10-25T08:59:42Z" duration-ms="1249" status="PASS">
          <reporter-output>
          </reporter-output>
        </test-method> <!-- tearDown -->
      </class> <!-- org.practice.Adactin -->
    </test> <!-- Test03 -->
  </suite> <!-- Suite -->
</testng-results>
