<?xml version="1.0" encoding="UTF-8"?>
<testsuite xmlns:xsi="http://www.w3.org/2001/XMLSchema-instance" xsi:noNamespaceSchemaLocation="https://maven.apache.org/surefire/maven-surefire-plugin/xsd/surefire-test-report-3.0.xsd" version="3.0" name="TestSuite" time="67.789" tests="15" errors="0" skipped="0" failures="0">
  <properties>
[...]
</properties>
  <testcase name="verifyLogo" classname="org.practice.Adactin" time="0.121">
    <system-out><![CDATA[[TestNGContentHandler] [WARN] It is strongly recommended to add "<!DOCTYPE suite SYSTEM "http://testng.org/testng-1.0.dtd" >" at the top of your file, otherwise TestNG may fail or not work as expected.
]]></system-out>
    <system-err><![CDATA[SLF4J: No SLF4J providers were found.
SLF4J: Defaulting to no-operation (NOP) logger implementation
SLF4J: See https://www.slf4j.org/codes.html#noProviders for further details.
Oct 25, 2023 2:28:37 PM org.openqa.selenium.remote.service.DriverService$Builder getLogOutput
INFO: Driver logs no longer sent to console by default; https://www.selenium.dev/documentation/webdriver/drivers/service/#setting-log-output
Oct 25, 2023 2:28:41 PM org.openqa.selenium.devtools.CdpVersionFinder findNearestMatch
WARNING: Unable to find an exact match for CDP version 118, so returning the closest version found: 114
]]></system-err>
  </testcase>
  <testcase name="verifyLogo" classname="org.practice.Adactin" time="0.07">
    <system-err><![CDATA[Oct 25, 2023 2:29:01 PM org.openqa.selenium.remote.service.DriverService$Builder getLogOutput
INFO: Driver logs no longer sent to console by default; https://www.selenium.dev/documentation/webdriver/drivers/service/#setting-log-output
Oct 25, 2023 2:29:03 PM org.openqa.selenium.devtools.CdpVersionFinder findNearestMatch
WARNING: Unable to find an exact match for CDP version 118, so returning the closest version found: 114
]]></system-err>
  </testcase>
  <testcase name="verifyLogo" classname="org.practice.Adactin" time="0.066">
    <system-err><![CDATA[Oct 25, 2023 2:29:21 PM org.openqa.selenium.remote.service.DriverService$Builder getLogOutput
INFO: Driver logs no longer sent to console by default; https://www.selenium.dev/documentation/webdriver/drivers/service/#setting-log-output
]]></system-err>
  </testcase>
  <testcase name="login" classname="org.practice.Adactin" time="2.788"/>
  <testcase name="login" classname="org.practice.Adactin" time="1.266"/>
  <testcase name="login" classname="org.practice.Adactin" time="0.975"/>
  <testcase name="search" classname="org.practice.Adactin" time="1.429"/>
  <testcase name="search" classname="org.practice.Adactin" time="1.709"/>
  <testcase name="search" classname="org.practice.Adactin" time="1.12"/>
  <testcase name="select" classname="org.practice.Adactin" time="1.261">
    <system-out><![CDATA[Hotel Name :Hotel Hervey
Location :Paris
No Of Rooms :2 Rooms
Arrival Date :14/09/23
Departure Date:16/09/23
No Of Days:2 Days
Room Type:Super Deluxe
Price Per Night:AUD $ 450
Totel Price:AUD $ 910
]]></system-out>
  </testcase>
  <testcase name="select" classname="org.practice.Adactin" time="1.251">
    <system-out><![CDATA[Hotel Name :Hotel Hervey
Location :Paris
No Of Rooms :2 Rooms
Arrival Date :14/09/23
Departure Date:16/09/23
No Of Days:2 Days
Room Type:Super Deluxe
Price Per Night:AUD $ 450
Totel Price:AUD $ 910
]]></system-out>
  </testcase>
  <testcase name="select" classname="org.practice.Adactin" time="1.267">
    <system-out><![CDATA[Hotel Name :Hotel Hervey
Location :Paris
No Of Rooms :2 Rooms
Arrival Date :14/09/23
Departure Date:16/09/23
No Of Days:2 Days
Room Type:Super Deluxe
Price Per Night:AUD $ 450
Totel Price:AUD $ 910
]]></system-out>
  </testcase>
  <testcase name="book" classname="org.practice.Adactin" time="6.935">
    <system-out><![CDATA[Hotel Booking No:G04Z4VRSA4
]]></system-out>
  </testcase>
  <testcase name="book" classname="org.practice.Adactin" time="6.846">
    <system-out><![CDATA[Hotel Booking No:I61BEXCAID
]]></system-out>
  </testcase>
  <testcase name="book" classname="org.practice.Adactin" time="6.513">
    <system-out><![CDATA[Hotel Booking No:3RR38R4G0M
]]></system-out>
  </testcase>
</testsuite>